{"context":"WebSocketManager","level":"info","message":"Connecting to Alpaca Data WebSocket...","service":"tradesync","timestamp":"2025-03-28T23:42:05.368Z"}
{"context":"WebSocketManager","level":"info","message":"Connecting to Alpaca Trading WebSocket...","service":"tradesync","timestamp":"2025-03-28T23:42:05.380Z"}
{"context":"WebSocketManager","level":"info","message":"Connected to Alpaca Trading WebSocket","service":"tradesync","timestamp":"2025-03-28T23:42:05.536Z"}
{"context":"WebSocketManager","level":"info","message":"Sending trading stream authentication...","service":"tradesync","timestamp":"2025-03-28T23:42:05.536Z"}
{"context":"WebSocketManager","error":"Error: Unexpected server response: 404\n    at ClientRequest.<anonymous> (/Users/aminhaidar/tradesync/backend/server/node_modules/ws/lib/websocket.js:913:7)\n    at ClientRequest.emit (node:events:507:28)\n    at HTTPParser.parserOnIncomingClient (node:_http_client:716:27)\n    at HTTPParser.parserOnHeadersComplete (node:_http_common:117:17)\n    at TLSSocket.socketOnData (node:_http_client:558:22)\n    at TLSSocket.emit (node:events:507:28)\n    at addChunk (node:internal/streams/readable:559:12)\n    at readableAddChunkPushByteMode (node:internal/streams/readable:510:3)\n    at Readable.push (node:internal/streams/readable:390:5)\n    at TLSWrap.onStreamRead (node:internal/stream_base_commons:189:23)","level":"error","message":"data WebSocket error:","service":"tradesync","timestamp":"2025-03-28T23:42:05.555Z"}
{"context":"WebSocketManager","level":"warn","message":"Disconnected from Alpaca data WebSocket","service":"tradesync","timestamp":"2025-03-28T23:42:05.556Z"}
{"context":"WebSocketManager","level":"info","message":"Scheduling reconnection for data stream in 2000ms","service":"tradesync","timestamp":"2025-03-28T23:42:05.556Z"}
{"context":"WebSocketManager","level":"info","message":"Authentication successful for trading stream","service":"tradesync","timestamp":"2025-03-28T23:42:05.585Z"}
{"context":"WebSocketManager","level":"info","message":"Subscribing to trading updates","service":"tradesync","timestamp":"2025-03-28T23:42:05.585Z"}
{"context":"WebSocketManager","level":"info","message":"Connecting to Alpaca Data WebSocket...","service":"tradesync","timestamp":"2025-03-28T23:42:07.558Z"}
{"context":"WebSocketManager","error":"Error: Unexpected server response: 404\n    at ClientRequest.<anonymous> (/Users/aminhaidar/tradesync/backend/server/node_modules/ws/lib/websocket.js:913:7)\n    at ClientRequest.emit (node:events:507:28)\n    at HTTPParser.parserOnIncomingClient (node:_http_client:716:27)\n    at HTTPParser.parserOnHeadersComplete (node:_http_common:117:17)\n    at TLSSocket.socketOnData (node:_http_client:558:22)\n    at TLSSocket.emit (node:events:507:28)\n    at addChunk (node:internal/streams/readable:559:12)\n    at readableAddChunkPushByteMode (node:internal/streams/readable:510:3)\n    at Readable.push (node:internal/streams/readable:390:5)\n    at TLSWrap.onStreamRead (node:internal/stream_base_commons:189:23)","level":"error","message":"data WebSocket error:","service":"tradesync","timestamp":"2025-03-28T23:42:07.705Z"}
{"context":"WebSocketManager","level":"warn","message":"Disconnected from Alpaca data WebSocket","service":"tradesync","timestamp":"2025-03-28T23:42:07.706Z"}
{"context":"WebSocketManager","level":"info","message":"Scheduling reconnection for data stream in 4000ms","service":"tradesync","timestamp":"2025-03-28T23:42:07.706Z"}
{"context":"WebSocketManager","level":"info","message":"Connecting to Alpaca Data WebSocket...","service":"tradesync","timestamp":"2025-03-28T23:42:11.708Z"}
{"context":"WebSocketManager","level":"info","message":"Subscribing to TSLA","service":"tradesync","timestamp":"2025-03-28T23:42:11.846Z"}
{"context":"WebSocketManager","level":"warn","message":"Cannot subscribe: WebSocket not ready or not authenticated","service":"tradesync","timestamp":"2025-03-28T23:42:11.846Z"}
{"context":"WebSocketManager","error":"Error: Unexpected server response: 404\n    at ClientRequest.<anonymous> (/Users/aminhaidar/tradesync/backend/server/node_modules/ws/lib/websocket.js:913:7)\n    at ClientRequest.emit (node:events:507:28)\n    at HTTPParser.parserOnIncomingClient (node:_http_client:716:27)\n    at HTTPParser.parserOnHeadersComplete (node:_http_common:117:17)\n    at TLSSocket.socketOnData (node:_http_client:558:22)\n    at TLSSocket.emit (node:events:507:28)\n    at addChunk (node:internal/streams/readable:559:12)\n    at readableAddChunkPushByteMode (node:internal/streams/readable:510:3)\n    at Readable.push (node:internal/streams/readable:390:5)\n    at TLSWrap.onStreamRead (node:internal/stream_base_commons:189:23)","level":"error","message":"data WebSocket error:","service":"tradesync","timestamp":"2025-03-28T23:42:11.863Z"}
{"context":"WebSocketManager","level":"warn","message":"Disconnected from Alpaca data WebSocket","service":"tradesync","timestamp":"2025-03-28T23:42:11.863Z"}
{"context":"WebSocketManager","level":"info","message":"Scheduling reconnection for data stream in 8000ms","service":"tradesync","timestamp":"2025-03-28T23:42:11.863Z"}
{"context":"WebSocketManager","level":"info","message":"Connecting to Alpaca Data WebSocket...","service":"tradesync","timestamp":"2025-03-28T23:42:19.864Z"}
{"context":"WebSocketManager","error":"Error: Unexpected server response: 404\n    at ClientRequest.<anonymous> (/Users/aminhaidar/tradesync/backend/server/node_modules/ws/lib/websocket.js:913:7)\n    at ClientRequest.emit (node:events:507:28)\n    at HTTPParser.parserOnIncomingClient (node:_http_client:716:27)\n    at HTTPParser.parserOnHeadersComplete (node:_http_common:117:17)\n    at TLSSocket.socketOnData (node:_http_client:558:22)\n    at TLSSocket.emit (node:events:507:28)\n    at addChunk (node:internal/streams/readable:559:12)\n    at readableAddChunkPushByteMode (node:internal/streams/readable:510:3)\n    at Readable.push (node:internal/streams/readable:390:5)\n    at TLSWrap.onStreamRead (node:internal/stream_base_commons:189:23)","level":"error","message":"data WebSocket error:","service":"tradesync","timestamp":"2025-03-28T23:42:20.016Z"}
{"context":"WebSocketManager","level":"warn","message":"Disconnected from Alpaca data WebSocket","service":"tradesync","timestamp":"2025-03-28T23:42:20.016Z"}
{"context":"WebSocketManager","level":"info","message":"Scheduling reconnection for data stream in 16000ms","service":"tradesync","timestamp":"2025-03-28T23:42:20.016Z"}
{"context":"WebSocketManager","level":"info","message":"Unsubscribing from TSLA","service":"tradesync","timestamp":"2025-03-28T23:42:21.845Z"}
{"context":"WebSocketManager","dataStream":false,"level":"warn","message":"Connection health check failed","service":"tradesync","status":"unhealthy","timestamp":"2025-03-28T23:42:35.367Z","tradingStream":true}
{"context":"WebSocketManager","level":"info","message":"Connecting to Alpaca Data WebSocket...","service":"tradesync","timestamp":"2025-03-28T23:42:36.017Z"}
{"context":"WebSocketManager","error":"Error: Unexpected server response: 404\n    at ClientRequest.<anonymous> (/Users/aminhaidar/tradesync/backend/server/node_modules/ws/lib/websocket.js:913:7)\n    at ClientRequest.emit (node:events:507:28)\n    at HTTPParser.parserOnIncomingClient (node:_http_client:716:27)\n    at HTTPParser.parserOnHeadersComplete (node:_http_common:117:17)\n    at TLSSocket.socketOnData (node:_http_client:558:22)\n    at TLSSocket.emit (node:events:507:28)\n    at addChunk (node:internal/streams/readable:559:12)\n    at readableAddChunkPushByteMode (node:internal/streams/readable:510:3)\n    at Readable.push (node:internal/streams/readable:390:5)\n    at TLSWrap.onStreamRead (node:internal/stream_base_commons:189:23)","level":"error","message":"data WebSocket error:","service":"tradesync","timestamp":"2025-03-28T23:42:36.189Z"}
{"context":"WebSocketManager","level":"warn","message":"Disconnected from Alpaca data WebSocket","service":"tradesync","timestamp":"2025-03-28T23:42:36.189Z"}
{"context":"WebSocketManager","level":"info","message":"Scheduling reconnection for data stream in 30000ms","service":"tradesync","timestamp":"2025-03-28T23:42:36.189Z"}
{"context":"WebSocketManager","dataStream":false,"level":"warn","message":"Connection health check failed","service":"tradesync","status":"unhealthy","timestamp":"2025-03-28T23:43:05.367Z","tradingStream":true}
{"context":"WebSocketManager","level":"warn","message":"Disconnected from Alpaca trading WebSocket","service":"tradesync","timestamp":"2025-03-28T23:43:05.642Z"}
{"context":"WebSocketManager","level":"error","message":"Max reconnection attempts reached for trading stream","service":"tradesync","timestamp":"2025-03-28T23:43:05.642Z"}
{"context":"WebSocketManager","dataStream":false,"level":"warn","message":"Connection health check failed","service":"tradesync","status":"unhealthy","timestamp":"2025-03-28T23:43:35.367Z","tradingStream":false}
{"context":"WebSocketManager","level":"info","message":"Connecting to Alpaca Data WebSocket...","service":"tradesync","timestamp":"2025-03-28T23:44:05.182Z"}
{"context":"WebSocketManager","level":"info","message":"Connecting to Alpaca Trading WebSocket...","service":"tradesync","timestamp":"2025-03-28T23:44:05.194Z"}
{"context":"WebSocketManager","level":"info","message":"Connected to Alpaca Trading WebSocket","service":"tradesync","timestamp":"2025-03-28T23:44:05.443Z"}
{"context":"WebSocketManager","level":"info","message":"Sending trading stream authentication...","service":"tradesync","timestamp":"2025-03-28T23:44:05.444Z"}
{"context":"WebSocketManager","error":"Error: Unexpected server response: 404\n    at ClientRequest.<anonymous> (/Users/aminhaidar/tradesync/backend/server/node_modules/ws/lib/websocket.js:913:7)\n    at ClientRequest.emit (node:events:507:28)\n    at HTTPParser.parserOnIncomingClient (node:_http_client:716:27)\n    at HTTPParser.parserOnHeadersComplete (node:_http_common:117:17)\n    at TLSSocket.socketOnData (node:_http_client:558:22)\n    at TLSSocket.emit (node:events:507:28)\n    at addChunk (node:internal/streams/readable:559:12)\n    at readableAddChunkPushByteMode (node:internal/streams/readable:510:3)\n    at Readable.push (node:internal/streams/readable:390:5)\n    at TLSWrap.onStreamRead (node:internal/stream_base_commons:189:23)","level":"error","message":"data WebSocket error:","service":"tradesync","timestamp":"2025-03-28T23:44:05.445Z"}
{"context":"WebSocketManager","level":"warn","message":"Disconnected from Alpaca data WebSocket","service":"tradesync","timestamp":"2025-03-28T23:44:05.446Z"}
{"context":"WebSocketManager","level":"info","message":"Scheduling reconnection for data stream in 2000ms","service":"tradesync","timestamp":"2025-03-28T23:44:05.446Z"}
{"context":"WebSocketManager","level":"info","message":"Authentication successful for trading stream","service":"tradesync","timestamp":"2025-03-28T23:44:05.490Z"}
{"context":"WebSocketManager","level":"info","message":"Subscribing to trading updates","service":"tradesync","timestamp":"2025-03-28T23:44:05.491Z"}
{"context":"WebSocketManager","level":"info","message":"Connecting to Alpaca Data WebSocket...","service":"tradesync","timestamp":"2025-03-28T23:44:07.447Z"}
{"context":"WebSocketManager","error":"Error: Unexpected server response: 404\n    at ClientRequest.<anonymous> (/Users/aminhaidar/tradesync/backend/server/node_modules/ws/lib/websocket.js:913:7)\n    at ClientRequest.emit (node:events:507:28)\n    at HTTPParser.parserOnIncomingClient (node:_http_client:716:27)\n    at HTTPParser.parserOnHeadersComplete (node:_http_common:117:17)\n    at TLSSocket.socketOnData (node:_http_client:558:22)\n    at TLSSocket.emit (node:events:507:28)\n    at addChunk (node:internal/streams/readable:559:12)\n    at readableAddChunkPushByteMode (node:internal/streams/readable:510:3)\n    at Readable.push (node:internal/streams/readable:390:5)\n    at TLSWrap.onStreamRead (node:internal/stream_base_commons:189:23)","level":"error","message":"data WebSocket error:","service":"tradesync","timestamp":"2025-03-28T23:44:07.641Z"}
{"context":"WebSocketManager","level":"warn","message":"Disconnected from Alpaca data WebSocket","service":"tradesync","timestamp":"2025-03-28T23:44:07.641Z"}
{"context":"WebSocketManager","level":"info","message":"Scheduling reconnection for data stream in 4000ms","service":"tradesync","timestamp":"2025-03-28T23:44:07.641Z"}
{"context":"WebSocketManager","level":"info","message":"Subscribing to TSLA","service":"tradesync","timestamp":"2025-03-28T23:44:10.553Z"}
{"context":"WebSocketManager","level":"warn","message":"Cannot subscribe: WebSocket not ready or not authenticated","service":"tradesync","timestamp":"2025-03-28T23:44:10.553Z"}
{"context":"WebSocketManager","level":"info","message":"Connecting to Alpaca Data WebSocket...","service":"tradesync","timestamp":"2025-03-28T23:44:11.643Z"}
{"context":"WebSocketManager","error":"Error: Unexpected server response: 404\n    at ClientRequest.<anonymous> (/Users/aminhaidar/tradesync/backend/server/node_modules/ws/lib/websocket.js:913:7)\n    at ClientRequest.emit (node:events:507:28)\n    at HTTPParser.parserOnIncomingClient (node:_http_client:716:27)\n    at HTTPParser.parserOnHeadersComplete (node:_http_common:117:17)\n    at TLSSocket.socketOnData (node:_http_client:558:22)\n    at TLSSocket.emit (node:events:507:28)\n    at addChunk (node:internal/streams/readable:559:12)\n    at readableAddChunkPushByteMode (node:internal/streams/readable:510:3)\n    at Readable.push (node:internal/streams/readable:390:5)\n    at TLSWrap.onStreamRead (node:internal/stream_base_commons:189:23)","level":"error","message":"data WebSocket error:","service":"tradesync","timestamp":"2025-03-28T23:44:11.806Z"}
{"context":"WebSocketManager","level":"warn","message":"Disconnected from Alpaca data WebSocket","service":"tradesync","timestamp":"2025-03-28T23:44:11.806Z"}
{"context":"WebSocketManager","level":"info","message":"Scheduling reconnection for data stream in 8000ms","service":"tradesync","timestamp":"2025-03-28T23:44:11.806Z"}
{"context":"WebSocketManager","level":"info","message":"Connecting to Alpaca Data WebSocket...","service":"tradesync","timestamp":"2025-03-28T23:44:19.807Z"}
{"context":"WebSocketManager","error":"Error: Unexpected server response: 404\n    at ClientRequest.<anonymous> (/Users/aminhaidar/tradesync/backend/server/node_modules/ws/lib/websocket.js:913:7)\n    at ClientRequest.emit (node:events:507:28)\n    at HTTPParser.parserOnIncomingClient (node:_http_client:716:27)\n    at HTTPParser.parserOnHeadersComplete (node:_http_common:117:17)\n    at TLSSocket.socketOnData (node:_http_client:558:22)\n    at TLSSocket.emit (node:events:507:28)\n    at addChunk (node:internal/streams/readable:559:12)\n    at readableAddChunkPushByteMode (node:internal/streams/readable:510:3)\n    at Readable.push (node:internal/streams/readable:390:5)\n    at TLSWrap.onStreamRead (node:internal/stream_base_commons:189:23)","level":"error","message":"data WebSocket error:","service":"tradesync","timestamp":"2025-03-28T23:44:19.972Z"}
{"context":"WebSocketManager","level":"warn","message":"Disconnected from Alpaca data WebSocket","service":"tradesync","timestamp":"2025-03-28T23:44:19.973Z"}
{"context":"WebSocketManager","level":"info","message":"Scheduling reconnection for data stream in 16000ms","service":"tradesync","timestamp":"2025-03-28T23:44:19.973Z"}
{"context":"WebSocketManager","level":"info","message":"Unsubscribing from TSLA","service":"tradesync","timestamp":"2025-03-28T23:44:20.551Z"}
{"context":"WebSocketManager","dataStream":false,"level":"warn","message":"Connection health check failed","service":"tradesync","status":"unhealthy","timestamp":"2025-03-28T23:44:35.182Z","tradingStream":true}
{"context":"WebSocketManager","level":"info","message":"Connecting to Alpaca Data WebSocket...","service":"tradesync","timestamp":"2025-03-28T23:44:35.974Z"}
{"context":"WebSocketManager","error":"Error: Unexpected server response: 404\n    at ClientRequest.<anonymous> (/Users/aminhaidar/tradesync/backend/server/node_modules/ws/lib/websocket.js:913:7)\n    at ClientRequest.emit (node:events:507:28)\n    at HTTPParser.parserOnIncomingClient (node:_http_client:716:27)\n    at HTTPParser.parserOnHeadersComplete (node:_http_common:117:17)\n    at TLSSocket.socketOnData (node:_http_client:558:22)\n    at TLSSocket.emit (node:events:507:28)\n    at addChunk (node:internal/streams/readable:559:12)\n    at readableAddChunkPushByteMode (node:internal/streams/readable:510:3)\n    at Readable.push (node:internal/streams/readable:390:5)\n    at TLSWrap.onStreamRead (node:internal/stream_base_commons:189:23)","level":"error","message":"data WebSocket error:","service":"tradesync","timestamp":"2025-03-28T23:44:36.142Z"}
{"context":"WebSocketManager","level":"warn","message":"Disconnected from Alpaca data WebSocket","service":"tradesync","timestamp":"2025-03-28T23:44:36.142Z"}
{"context":"WebSocketManager","level":"info","message":"Scheduling reconnection for data stream in 30000ms","service":"tradesync","timestamp":"2025-03-28T23:44:36.142Z"}
{"context":"WebSocketManager","level":"info","message":"Connecting to Alpaca Data WebSocket...","service":"tradesync","timestamp":"2025-03-28T23:45:04.859Z"}
{"context":"WebSocketManager","level":"info","message":"Connecting to Alpaca Trading WebSocket...","service":"tradesync","timestamp":"2025-03-28T23:45:04.871Z"}
{"context":"WebSocketManager","level":"info","message":"Connected to Alpaca Trading WebSocket","service":"tradesync","timestamp":"2025-03-28T23:45:05.026Z"}
{"context":"WebSocketManager","level":"info","message":"Sending trading stream authentication...","service":"tradesync","timestamp":"2025-03-28T23:45:05.027Z"}
{"context":"WebSocketManager","error":"Error: Unexpected server response: 404\n    at ClientRequest.<anonymous> (/Users/aminhaidar/tradesync/backend/server/node_modules/ws/lib/websocket.js:913:7)\n    at ClientRequest.emit (node:events:507:28)\n    at HTTPParser.parserOnIncomingClient (node:_http_client:716:27)\n    at HTTPParser.parserOnHeadersComplete (node:_http_common:117:17)\n    at TLSSocket.socketOnData (node:_http_client:558:22)\n    at TLSSocket.emit (node:events:507:28)\n    at addChunk (node:internal/streams/readable:559:12)\n    at readableAddChunkPushByteMode (node:internal/streams/readable:510:3)\n    at Readable.push (node:internal/streams/readable:390:5)\n    at TLSWrap.onStreamRead (node:internal/stream_base_commons:189:23)","level":"error","message":"data WebSocket error:","service":"tradesync","timestamp":"2025-03-28T23:45:05.037Z"}
{"context":"WebSocketManager","level":"warn","message":"Disconnected from Alpaca data WebSocket","service":"tradesync","timestamp":"2025-03-28T23:45:05.037Z"}
{"context":"WebSocketManager","level":"info","message":"Scheduling reconnection for data stream in 2000ms","service":"tradesync","timestamp":"2025-03-28T23:45:05.037Z"}
{"context":"WebSocketManager","level":"info","message":"Authentication successful for trading stream","service":"tradesync","timestamp":"2025-03-28T23:45:05.082Z"}
{"context":"WebSocketManager","level":"info","message":"Subscribing to trading updates","service":"tradesync","timestamp":"2025-03-28T23:45:05.082Z"}
{"context":"WebSocketManager","level":"info","message":"Connecting to Alpaca Data WebSocket...","service":"tradesync","timestamp":"2025-03-28T23:45:07.039Z"}
{"context":"WebSocketManager","error":"Error: Unexpected server response: 404\n    at ClientRequest.<anonymous> (/Users/aminhaidar/tradesync/backend/server/node_modules/ws/lib/websocket.js:913:7)\n    at ClientRequest.emit (node:events:507:28)\n    at HTTPParser.parserOnIncomingClient (node:_http_client:716:27)\n    at HTTPParser.parserOnHeadersComplete (node:_http_common:117:17)\n    at TLSSocket.socketOnData (node:_http_client:558:22)\n    at TLSSocket.emit (node:events:507:28)\n    at addChunk (node:internal/streams/readable:559:12)\n    at readableAddChunkPushByteMode (node:internal/streams/readable:510:3)\n    at Readable.push (node:internal/streams/readable:390:5)\n    at TLSWrap.onStreamRead (node:internal/stream_base_commons:189:23)","level":"error","message":"data WebSocket error:","service":"tradesync","timestamp":"2025-03-28T23:45:07.202Z"}
{"context":"WebSocketManager","level":"warn","message":"Disconnected from Alpaca data WebSocket","service":"tradesync","timestamp":"2025-03-28T23:45:07.202Z"}
{"context":"WebSocketManager","level":"info","message":"Scheduling reconnection for data stream in 4000ms","service":"tradesync","timestamp":"2025-03-28T23:45:07.202Z"}
{"context":"WebSocketManager","level":"info","message":"Connecting to Alpaca Data WebSocket...","service":"tradesync","timestamp":"2025-03-28T23:45:11.203Z"}
{"context":"WebSocketManager","error":"Error: Unexpected server response: 404\n    at ClientRequest.<anonymous> (/Users/aminhaidar/tradesync/backend/server/node_modules/ws/lib/websocket.js:913:7)\n    at ClientRequest.emit (node:events:507:28)\n    at HTTPParser.parserOnIncomingClient (node:_http_client:716:27)\n    at HTTPParser.parserOnHeadersComplete (node:_http_common:117:17)\n    at TLSSocket.socketOnData (node:_http_client:558:22)\n    at TLSSocket.emit (node:events:507:28)\n    at addChunk (node:internal/streams/readable:559:12)\n    at readableAddChunkPushByteMode (node:internal/streams/readable:510:3)\n    at Readable.push (node:internal/streams/readable:390:5)\n    at TLSWrap.onStreamRead (node:internal/stream_base_commons:189:23)","level":"error","message":"data WebSocket error:","service":"tradesync","timestamp":"2025-03-28T23:45:11.483Z"}
{"context":"WebSocketManager","level":"warn","message":"Disconnected from Alpaca data WebSocket","service":"tradesync","timestamp":"2025-03-28T23:45:11.484Z"}
{"context":"WebSocketManager","level":"info","message":"Scheduling reconnection for data stream in 8000ms","service":"tradesync","timestamp":"2025-03-28T23:45:11.484Z"}
{"context":"WebSocketManager","level":"info","message":"Subscribing to TSLA","service":"tradesync","timestamp":"2025-03-28T23:45:14.362Z"}
{"context":"WebSocketManager","level":"warn","message":"Cannot subscribe: WebSocket not ready or not authenticated","service":"tradesync","timestamp":"2025-03-28T23:45:14.362Z"}
{"context":"WebSocketManager","level":"info","message":"Connecting to Alpaca Data WebSocket...","service":"tradesync","timestamp":"2025-03-28T23:45:19.485Z"}
{"context":"WebSocketManager","error":"Error: Unexpected server response: 404\n    at ClientRequest.<anonymous> (/Users/aminhaidar/tradesync/backend/server/node_modules/ws/lib/websocket.js:913:7)\n    at ClientRequest.emit (node:events:507:28)\n    at HTTPParser.parserOnIncomingClient (node:_http_client:716:27)\n    at HTTPParser.parserOnHeadersComplete (node:_http_common:117:17)\n    at TLSSocket.socketOnData (node:_http_client:558:22)\n    at TLSSocket.emit (node:events:507:28)\n    at addChunk (node:internal/streams/readable:559:12)\n    at readableAddChunkPushByteMode (node:internal/streams/readable:510:3)\n    at Readable.push (node:internal/streams/readable:390:5)\n    at TLSWrap.onStreamRead (node:internal/stream_base_commons:189:23)","level":"error","message":"data WebSocket error:","service":"tradesync","timestamp":"2025-03-28T23:45:19.706Z"}
{"context":"WebSocketManager","level":"warn","message":"Disconnected from Alpaca data WebSocket","service":"tradesync","timestamp":"2025-03-28T23:45:19.706Z"}
{"context":"WebSocketManager","level":"info","message":"Scheduling reconnection for data stream in 16000ms","service":"tradesync","timestamp":"2025-03-28T23:45:19.706Z"}
{"context":"WebSocketManager","level":"info","message":"Unsubscribing from TSLA","service":"tradesync","timestamp":"2025-03-28T23:45:24.362Z"}
{"context":"WebSocketManager","dataStream":false,"level":"warn","message":"Connection health check failed","service":"tradesync","status":"unhealthy","timestamp":"2025-03-28T23:45:34.858Z","tradingStream":true}
{"context":"WebSocketManager","level":"info","message":"Connecting to Alpaca Data WebSocket...","service":"tradesync","timestamp":"2025-03-28T23:45:35.708Z"}
{"context":"WebSocketManager","error":"Error: Unexpected server response: 404\n    at ClientRequest.<anonymous> (/Users/aminhaidar/tradesync/backend/server/node_modules/ws/lib/websocket.js:913:7)\n    at ClientRequest.emit (node:events:507:28)\n    at HTTPParser.parserOnIncomingClient (node:_http_client:716:27)\n    at HTTPParser.parserOnHeadersComplete (node:_http_common:117:17)\n    at TLSSocket.socketOnData (node:_http_client:558:22)\n    at TLSSocket.emit (node:events:507:28)\n    at addChunk (node:internal/streams/readable:559:12)\n    at readableAddChunkPushByteMode (node:internal/streams/readable:510:3)\n    at Readable.push (node:internal/streams/readable:390:5)\n    at TLSWrap.onStreamRead (node:internal/stream_base_commons:189:23)","level":"error","message":"data WebSocket error:","service":"tradesync","timestamp":"2025-03-28T23:45:35.858Z"}
{"context":"WebSocketManager","level":"warn","message":"Disconnected from Alpaca data WebSocket","service":"tradesync","timestamp":"2025-03-28T23:45:35.858Z"}
{"context":"WebSocketManager","level":"info","message":"Scheduling reconnection for data stream in 30000ms","service":"tradesync","timestamp":"2025-03-28T23:45:35.858Z"}
{"context":"WebSocketManager","dataStream":false,"level":"warn","message":"Connection health check failed","service":"tradesync","status":"unhealthy","timestamp":"2025-03-28T23:46:04.859Z","tradingStream":true}
{"context":"WebSocketManager","level":"warn","message":"Disconnected from Alpaca trading WebSocket","service":"tradesync","timestamp":"2025-03-28T23:46:05.023Z"}
{"context":"WebSocketManager","level":"error","message":"Max reconnection attempts reached for trading stream","service":"tradesync","timestamp":"2025-03-28T23:46:05.023Z"}
{"context":"WebSocketManager","level":"info","message":"Connecting to Alpaca Data WebSocket...","service":"tradesync","timestamp":"2025-03-28T23:46:31.889Z"}
{"context":"WebSocketManager","level":"info","message":"Connecting to Alpaca Trading WebSocket...","service":"tradesync","timestamp":"2025-03-28T23:46:31.900Z"}
{"context":"WebSocketManager","level":"info","message":"Connected to Alpaca Data WebSocket","service":"tradesync","timestamp":"2025-03-28T23:46:32.229Z"}
{"context":"WebSocketManager","level":"info","message":"Sending data stream authentication...","service":"tradesync","timestamp":"2025-03-28T23:46:32.230Z"}
{"context":"WebSocketManager","level":"info","message":"Connected to Alpaca Trading WebSocket","service":"tradesync","timestamp":"2025-03-28T23:46:32.233Z"}
{"context":"WebSocketManager","level":"info","message":"Sending trading stream authentication...","service":"tradesync","timestamp":"2025-03-28T23:46:32.233Z"}
{"context":"WebSocketManager","level":"info","message":"Authentication successful for trading stream","service":"tradesync","timestamp":"2025-03-28T23:46:32.298Z"}
{"context":"WebSocketManager","level":"info","message":"Subscribing to trading updates","service":"tradesync","timestamp":"2025-03-28T23:46:32.298Z"}
{"context":"WebSocketManager","level":"info","message":"Authentication successful for data stream","service":"tradesync","timestamp":"2025-03-28T23:46:32.321Z"}
{"context":"WebSocketManager","level":"info","message":"Subscribing to FAKEPACA","service":"tradesync","timestamp":"2025-03-28T23:46:54.730Z"}
{"T":"subscription","bars":["FAKEPACA"],"context":"WebSocketManager","level":"info","message":"Subscription successful:","quotes":["FAKEPACA"],"service":"tradesync","timestamp":"2025-03-28T23:46:54.776Z","trades":["FAKEPACA"]}
